<?xml version="1.0" encoding="UTF-8"?>
<!-- Generated by org.testng.reporters.JUnitReportReporter -->
<testsuite skipped="0" hostname="DESKTOP-HJ86OUE" name="test.LoginTest" tests="1" failures="0" timestamp="2022-03-19T10:15:25 PDT" time="6.106" errors="0">
  <testcase name="validUserShouldBeAbleToLogin" time="6.106" classname="test.LoginTest"/>
  <system-out/>
</testsuite> <!-- test.LoginTest -->
