<?xml version="1.0" encoding="UTF-8"?>
<!-- Generated by org.testng.reporters.JUnitReportReporter -->
<testsuite skipped="0" hostname="DESKTOP-HJ86OUE" name="test.AddCustomerTest" tests="1" failures="0" timestamp="2022-03-19T11:01:33 PDT" time="10.761" errors="0">
  <testcase name="validUserShouldBeAbleToCreateCustomer" time="10.761" classname="test.AddCustomerTest"/>
  <system-out/>
</testsuite> <!-- test.AddCustomerTest -->
